2025-10-17 11:32:59,793 - INFO - ============================================================
2025-10-17 11:32:59,793 - INFO - Starting Training
2025-10-17 11:32:59,793 - INFO - ============================================================
2025-10-17 11:32:59,793 - INFO - Device: cuda
2025-10-17 11:32:59,793 - INFO - Model parameters: 2,986,752
2025-10-17 11:32:59,793 - INFO - Train batches: 822
2025-10-17 11:32:59,793 - INFO - Val batches: 92
2025-10-17 11:32:59,793 - INFO - Batch size: 16
2025-10-17 11:32:59,793 - INFO - Epochs: 10
2025-10-17 11:32:59,793 - INFO - Mixed precision: False
2025-10-17 12:03:09,191 - INFO - ✓ Saved best model (val_loss: 2.6902)
2025-10-17 12:03:09,192 - INFO - 
Epoch 1/10
2025-10-17 12:03:09,192 - INFO -   Train Loss: 2.7142
2025-10-17 12:03:09,192 - INFO -   Val Loss: 2.6902 *BEST*
2025-10-17 12:03:09,192 - INFO -   Learning Rate: 0.000976
2025-10-17 12:03:09,192 - INFO -   Epoch Time: 1809.3s
2025-10-17 12:03:09,192 - INFO -   Total Time: 0.50h
2025-10-17 12:03:09,192 - INFO -   ETA: 4.52h
2025-10-17 12:03:09,192 - INFO -   Cache hit rate: 0.0%
2025-10-17 12:32:14,275 - INFO - 
Epoch 2/10
2025-10-17 12:32:14,275 - INFO -   Train Loss: 2.7080
2025-10-17 12:32:14,275 - INFO -   Val Loss: 2.6904 
2025-10-17 12:32:14,275 - INFO -   Learning Rate: 0.000905
2025-10-17 12:32:14,275 - INFO -   Epoch Time: 1745.1s
2025-10-17 12:32:14,275 - INFO -   Total Time: 0.99h
2025-10-17 12:32:14,275 - INFO -   ETA: 3.95h
2025-10-17 12:32:14,275 - INFO -   Cache hit rate: 0.3%
2025-10-17 13:01:10,453 - INFO - 
Epoch 3/10
2025-10-17 13:01:10,453 - INFO -   Train Loss: 2.7078
2025-10-17 13:01:10,453 - INFO -   Val Loss: 2.6906 
2025-10-17 13:01:10,453 - INFO -   Learning Rate: 0.000794
2025-10-17 13:01:10,453 - INFO -   Epoch Time: 1736.2s
2025-10-17 13:01:10,453 - INFO -   Total Time: 1.47h
2025-10-17 13:01:10,453 - INFO -   ETA: 3.43h
2025-10-17 13:01:10,453 - INFO -   Cache hit rate: 0.5%
